2021-02-22 22:55:02,079 INFO  [log] Bearer afaa006dd72d79766c169470c6c49936158dc9bd
2021-02-22 23:04:20,146 INFO  [log] Bearer 7428aa234f098bb15bddb4fbfea7fb6c51218452
2021-02-22 23:04:20,675 INFO  [log] total number of rows containing data are 2
2021-02-22 23:04:20,691 INFO  [log] current username is upskills_admin
2021-02-22 23:04:20,693 INFO  [log] current password is Talent4$$
2021-02-22 23:04:21,733 INFO  [log] total number of rows containing data are 2
2021-02-22 23:04:22,179 INFO  [log] 3472
2021-02-22 23:08:07,105 INFO  [log] Bearer 4afcc8a6676e6023d06cae7be210d97fceaae72b
2021-02-22 23:08:07,613 INFO  [log] total number of rows containing data are 2
2021-02-22 23:08:07,633 INFO  [log] current username is upskills_admin
2021-02-22 23:08:07,635 INFO  [log] current password is Talent4$$
2021-02-22 23:08:08,735 INFO  [log] total number of rows containing data are 2
2021-02-22 23:08:09,201 INFO  [log] 3474
2021-02-22 23:19:31,828 INFO  [log] Bearer 991a33827a1adf98f17f65d6ade165af38c4fb55
2021-02-22 23:19:32,418 INFO  [log] total number of rows containing data are 2
2021-02-22 23:19:32,437 INFO  [log] current username is upskills_admin
2021-02-22 23:19:32,445 INFO  [log] current password is Talent4$$
2021-02-22 23:19:33,670 INFO  [log] total number of rows containing data are 2
2021-02-22 23:19:34,322 INFO  [log] 3476
2021-02-22 23:32:08,134 INFO  [log] Bearer 78b0f9378aec8e40dee02671889214480af314c8
2021-02-22 23:32:08,679 INFO  [log] total number of rows containing data are 2
2021-02-22 23:32:08,696 INFO  [log] current username is upskills_admin
2021-02-22 23:32:08,697 INFO  [log] current password is Talent4$$
2021-02-22 23:32:09,810 INFO  [log] total number of rows containing data are 2
2021-02-22 23:32:10,319 INFO  [log] 3477
2021-02-22 23:32:10,570 INFO  [log] 2
2021-02-22 23:32:10,575 INFO  [log] 3477
2021-02-22 23:32:10,575 INFO  [log] Inserted Successfully
2021-02-22 23:37:36,922 INFO  [log] Bearer 9cc214be5e5d116dde452b97e57d5e64513a90be
2021-02-22 23:37:37,570 INFO  [log] total number of rows containing data are 2
2021-02-22 23:37:37,581 INFO  [log] current username is upskills_admin
2021-02-22 23:37:37,582 INFO  [log] current password is Talent4$$
2021-02-22 23:37:38,752 INFO  [log] total number of rows containing data are 2
2021-02-22 23:37:39,351 INFO  [log] 3478
2021-02-22 23:37:39,667 INFO  [log] 2
2021-02-22 23:37:39,669 INFO  [log] 3478
2021-02-22 23:37:39,669 INFO  [log] Inserted Successfully
2021-02-22 23:37:47,903 INFO  [log] 2
2021-02-22 23:37:47,904 INFO  [log] Deleted Successfully
